d:\projects\kfc\kfc_gui\debug\kfc_gui.pch
d:\projects\kfc\kfc_gui\debug\kfc_gui.pdb
d:\projects\kfc\kfc_gui\debug\kfc_gui.idb
d:\projects\kfc\kfc_gui\debug\kfc_gui_pch.obj
d:\projects\kfc\kfc_gui\debug\gui_globals.obj
d:\projects\kfc\kfc_gui\debug\gui_initials.obj
d:\projects\kfc\kfc_gui\debug\gui_tokens.obj
d:\projects\kfc\kfc_gui\debug\icon.obj
d:\projects\kfc\kfc_gui\debug\image_list.obj
d:\projects\kfc\kfc_gui\debug\list_control.obj
d:\projects\kfc\kfc_gui\debug\menu.obj
d:\projects\kfc\kfc_gui\debug\message_box.obj
d:\projects\kfc\kfc_gui\debug\message_dialog.obj
d:\projects\kfc\kfc_gui\debug\mouse_hoverer.obj
d:\projects\kfc\kfc_gui\debug\notification.obj
d:\projects\kfc\kfc_gui\debug\page_control.obj
d:\projects\kfc\kfc_gui\debug\simple_dialog.obj
d:\projects\kfc\kfc_gui\debug\splitter_control.obj
d:\projects\kfc\kfc_gui\debug\status_bar.obj
d:\projects\kfc\kfc_gui\debug\toolbar.obj
d:\projects\kfc\kfc_gui\debug\tray_icon.obj
d:\projects\kfc\kfc_gui\debug\tree_control.obj
d:\projects\kfc\kfc_gui\debug\window_dragger.obj
d:\projects\kfc\kfc_gui\debug\window_subclasser.obj
d:\projects\kfc\kfc_gui\debug\accelerators_table.obj
d:\projects\kfc\kfc_gui\debug\bit_button.obj
d:\projects\kfc\kfc_gui\debug\check_list_control.obj
d:\projects\kfc\kfc_gui\debug\color_label_control.obj
d:\projects\kfc\kfc_gui\debug\common_dialogs.obj
d:\projects\kfc\kfc_gui\debug\dialog.obj
d:\projects\kfc\kfc_gui\debug\document_management.obj
d:\projects\kfc\kfc_gui\debug\edit_filter.obj
d:\projects\kfc\kfc_gui\debug\gui.obj
d:\projects\kfc\kfc_gui\debug\gui_back_buffer.obj
d:\projects\kfc\kfc_gui\debug\gui_cfg.obj
d:\projects\kfc\kfc_gui\debug\gui_consts.obj
d:\projects\kfc\kfc_gui\debug\gui_device_globals.obj
d:\projects\kfc\kfc_gui\debug\gui_elements.obj
d:\projects\kfc\kfc_gui\debug\gui_font.obj
d:\projects\kfc\kfc_gui\debug\gui_font_storage.obj
d:\projects\kfc\_out_deb\kfc_gui.lib
d:\projects\kfc\kfc_gui\..\_out_deb\kfc_gui.lib
d:\projects\kfc\kfc_gui\debug\kfc_gui.tlog\cl.command.1.tlog
d:\projects\kfc\kfc_gui\debug\kfc_gui.tlog\cl.read.1.tlog
d:\projects\kfc\kfc_gui\debug\kfc_gui.tlog\cl.write.1.tlog
d:\projects\kfc\kfc_gui\debug\kfc_gui.tlog\lib-link.read.1.tlog
d:\projects\kfc\kfc_gui\debug\kfc_gui.tlog\lib-link.write.1.tlog
d:\projects\kfc\kfc_gui\debug\kfc_gui.tlog\lib.command.1.tlog
