C:\Program Files (x86)\Microsoft Visual Studio\2017\Community\Common7\IDE\VC\VCTargets\Platforms\Win32\PlatformToolsets\v141_xp\Toolset.targets(39,5): warning MSB8051: Support for targeting Windows XP is deprecated and will not be present in future releases of Visual Studio. Please see https://go.microsoft.com/fwlink/?linkid=2023588 for more information.
  kfc_gui_pch.cpp
  accelerators_table.cpp
  bit_button.cpp
  check_list_control.cpp
  color_label_control.cpp
  common_dialogs.cpp
  dialog.cpp
  document_management.cpp
  edit_filter.cpp
  gui.cpp
  gui_back_buffer.cpp
  gui_cfg.cpp
  gui_consts.cpp
  gui_device_globals.cpp
  gui_elements.cpp
  gui_font.cpp
  gui_font_storage.cpp
  gui_globals.cpp
  gui_initials.cpp
  gui_tokens.cpp
  icon.cpp
  Compiling...
  image_list.cpp
  list_control.cpp
  menu.cpp
  message_box.cpp
  message_dialog.cpp
  mouse_hoverer.cpp
  notification.cpp
  page_control.cpp
  simple_dialog.cpp
  splitter_control.cpp
  status_bar.cpp
  toolbar.cpp
  tray_icon.cpp
  tree_control.cpp
  window_dragger.cpp
  window_subclasser.cpp
  KFC_GUI.vcxproj -> d:\Projects\KFC\KFC_GUI\..\_out_rel\KFC_GUI.lib
